2019-02-20T09:27:44+00:00 DEBUG 
====Stripe Version: 4.1.14====
====Start Log====
Keys are not set correctly.
====End Log====


2019-02-20T10:50:01+00:00 DEBUG 
====Stripe Version: 4.1.14====
====Start Log====
Keys are not set correctly.
====End Log====


2019-02-20T10:57:25+00:00 DEBUG 
====Stripe Version: 4.1.14====
====Start Log====
Keys are not set correctly.
====End Log====


2019-02-20T10:57:38+00:00 DEBUG 
====Stripe Version: 4.1.14====
====Start Log====
Keys are not set correctly.
====End Log====


2019-02-20T10:57:44+00:00 DEBUG 
====Stripe Version: 4.1.14====
====Start Log====
Keys are not set correctly.
====End Log====


2019-02-20T10:57:50+00:00 DEBUG 
====Stripe Version: 4.1.14====
====Start Log====
Keys are not set correctly.
====End Log====


2019-02-20T10:58:01+00:00 DEBUG 
====Stripe Version: 4.1.14====
====Start Log====
Keys are not set correctly.
====End Log====


2019-02-20T10:58:30+00:00 DEBUG 
====Stripe Version: 4.1.14====
====Start Log====
Keys are not set correctly.
====End Log====


2019-02-20T10:59:03+00:00 DEBUG 
====Stripe Version: 4.1.14====
====Start Log====
Keys are not set correctly.
====End Log====


2019-02-20T10:59:49+00:00 DEBUG 
====Stripe Version: 4.1.14====
====Start Log====
Keys are not set correctly.
====End Log====


2019-02-20T11:01:13+00:00 DEBUG 
====Stripe Version: 4.1.14====
====Start Log====
Keys are not set correctly.
====End Log====


2019-02-20T11:01:23+00:00 DEBUG 
====Stripe Version: 4.1.14====
====Start Log====
Keys are not set correctly.
====End Log====


2019-02-20T11:02:01+00:00 DEBUG 
====Stripe Version: 4.1.14====
====Start Log====
Keys are not set correctly.
====End Log====


2019-02-20T11:02:02+00:00 DEBUG 
====Stripe Version: 4.1.14====
====Start Log====
Keys are not set correctly.
====End Log====


2019-02-20T11:02:06+00:00 DEBUG 
====Stripe Version: 4.1.14====
====Start Log====
Keys are not set correctly.
====End Log====


2019-02-20T11:02:09+00:00 DEBUG 
====Stripe Version: 4.1.14====
====Start Log====
Keys are not set correctly.
====End Log====


2019-02-20T11:05:39+00:00 DEBUG 
====Stripe Version: 4.1.14====
====Start Log====
Keys are not set correctly.
====End Log====


2019-02-20T11:13:20+00:00 DEBUG 
====Stripe Version: 4.1.14====
====Start Log====
Keys are not set correctly.
====End Log====


2019-02-20T11:13:57+00:00 DEBUG 
====Stripe Version: 4.1.14====
====Start Log====
Keys are not set correctly.
====End Log====


2019-02-20T11:14:05+00:00 DEBUG 
====Stripe Version: 4.1.14====
====Start Log====
Keys are not set correctly.
====End Log====


2019-02-20T11:14:08+00:00 DEBUG 
====Stripe Version: 4.1.14====
====Start Log====
Keys are not set correctly.
====End Log====


2019-02-20T11:45:40+00:00 DEBUG 
====Stripe Version: 4.1.14====
====Start Log====
Keys are not set correctly.
====End Log====


2019-02-20T11:46:44+00:00 DEBUG 
====Stripe Version: 4.1.14====
====Start Log====
Keys are not set correctly.
====End Log====


2019-02-20T11:55:51+00:00 DEBUG 
====Stripe Version: 4.1.14====
====Start Log====
Keys are not set correctly.
====End Log====


2019-02-20T11:56:08+00:00 DEBUG 
====Stripe Version: 4.1.14====
====Start Log====
Keys are not set correctly.
====End Log====


2019-02-20T11:56:27+00:00 DEBUG 
====Stripe Version: 4.1.14====
====Start Log====
Keys are not set correctly.
====End Log====


2019-02-20T11:56:33+00:00 DEBUG 
====Stripe Version: 4.1.14====
====Start Log====
Keys are not set correctly.
====End Log====


2019-02-20T11:56:46+00:00 DEBUG 
====Stripe Version: 4.1.14====
====Start Log====
Keys are not set correctly.
====End Log====


2019-02-20T11:56:54+00:00 DEBUG 
====Stripe Version: 4.1.14====
====Start Log====
Keys are not set correctly.
====End Log====


2019-02-20T11:59:41+00:00 DEBUG 
====Stripe Version: 4.1.14====
====Start Log====
Keys are not set correctly.
====End Log====


2019-02-20T11:59:52+00:00 DEBUG 
====Stripe Version: 4.1.14====
====Start Log====
Keys are not set correctly.
====End Log====


2019-02-20T12:00:00+00:00 DEBUG 
====Stripe Version: 4.1.14====
====Start Log====
Keys are not set correctly.
====End Log====


2019-02-20T12:00:28+00:00 DEBUG 
====Stripe Version: 4.1.14====
====Start Log====
Keys are not set correctly.
====End Log====


2019-02-20T12:00:30+00:00 DEBUG 
====Stripe Version: 4.1.14====
====Start Log====
Keys are not set correctly.
====End Log====


2019-02-20T12:00:34+00:00 DEBUG 
====Stripe Version: 4.1.14====
====Start Log====
Keys are not set correctly.
====End Log====


2019-02-20T12:01:07+00:00 DEBUG 
====Stripe Version: 4.1.14====
====Start Log====
Keys are not set correctly.
====End Log====


2019-02-20T12:01:10+00:00 DEBUG 
====Stripe Version: 4.1.14====
====Start Log====
Keys are not set correctly.
====End Log====


2019-02-20T12:01:17+00:00 DEBUG 
====Stripe Version: 4.1.14====
====Start Log====
Keys are not set correctly.
====End Log====


2019-02-20T12:01:25+00:00 DEBUG 
====Stripe Version: 4.1.14====
====Start Log====
Keys are not set correctly.
====End Log====


2019-02-20T12:02:17+00:00 DEBUG 
====Stripe Version: 4.1.14====
====Start Log====
Keys are not set correctly.
====End Log====


2019-02-20T12:02:34+00:00 DEBUG 
====Stripe Version: 4.1.14====
====Start Log====
Keys are not set correctly.
====End Log====


2019-02-20T12:03:11+00:00 DEBUG 
====Stripe Version: 4.1.14====
====Start Log====
Keys are not set correctly.
====End Log====


2019-02-20T12:03:29+00:00 DEBUG 
====Stripe Version: 4.1.14====
====Start Log====
Keys are not set correctly.
====End Log====


2019-02-20T12:05:53+00:00 DEBUG 
====Stripe Version: 4.1.14====
====Start Log====
Keys are not set correctly.
====End Log====


2019-02-20T12:07:31+00:00 DEBUG 
====Stripe Version: 4.1.14====
====Start Log====
Keys are not set correctly.
====End Log====


2019-02-20T12:07:40+00:00 DEBUG 
====Stripe Version: 4.1.14====
====Start Log====
Keys are not set correctly.
====End Log====


2019-02-20T12:15:05+00:00 DEBUG 
====Stripe Version: 4.1.14====
====Start Log====
Keys are not set correctly.
====End Log====


2019-02-20T12:17:05+00:00 DEBUG 
====Stripe Version: 4.1.14====
====Start Log====
Keys are not set correctly.
====End Log====


2019-02-20T12:17:13+00:00 DEBUG 
====Stripe Version: 4.1.14====
====Start Log====
Keys are not set correctly.
====End Log====


2019-02-20T12:19:11+00:00 DEBUG 
====Stripe Version: 4.1.14====
====Start Log====
Keys are not set correctly.
====End Log====


2019-02-20T12:19:18+00:00 DEBUG 
====Stripe Version: 4.1.14====
====Start Log====
Keys are not set correctly.
====End Log====


2019-02-20T12:19:26+00:00 DEBUG 
====Stripe Version: 4.1.14====
====Start Log====
Keys are not set correctly.
====End Log====


2019-02-20T12:19:55+00:00 DEBUG 
====Stripe Version: 4.1.14====
====Start Log====
Keys are not set correctly.
====End Log====


2019-02-20T12:20:39+00:00 DEBUG 
====Stripe Version: 4.1.14====
====Start Log====
Keys are not set correctly.
====End Log====


2019-02-20T12:20:48+00:00 DEBUG 
====Stripe Version: 4.1.14====
====Start Log====
Keys are not set correctly.
====End Log====


2019-02-20T12:25:21+00:00 DEBUG 
====Stripe Version: 4.1.14====
====Start Log====
Error: Unable to verify domain - missing secret key.
====End Log====


2019-02-20T12:25:26+00:00 DEBUG 
====Stripe Version: 4.1.14====
====Start Log====
Error: Unable to verify domain - missing secret key.
====End Log====


