2019-02-15T12:33:36+00:00 DEBUG 
====Stripe Version: 4.1.14====
====Start Log====
Keys are not set correctly.
====End Log====


2019-02-15T12:33:44+00:00 DEBUG 
====Stripe Version: 4.1.14====
====Start Log====
Keys are not set correctly.
====End Log====


2019-02-15T13:45:41+00:00 DEBUG 
====Stripe Version: 4.1.14====
====Start Log====
Keys are not set correctly.
====End Log====


2019-02-15T13:58:30+00:00 DEBUG 
====Stripe Version: 4.1.14====
====Start Log====
Keys are not set correctly.
====End Log====


2019-02-15T13:58:54+00:00 DEBUG 
====Stripe Version: 4.1.14====
====Start Log====
Keys are not set correctly.
====End Log====


2019-02-15T13:58:57+00:00 DEBUG 
====Stripe Version: 4.1.14====
====Start Log====
Keys are not set correctly.
====End Log====


2019-02-15T13:59:03+00:00 DEBUG 
====Stripe Version: 4.1.14====
====Start Log====
Keys are not set correctly.
====End Log====


2019-02-15T14:00:25+00:00 DEBUG 
====Stripe Version: 4.1.14====
====Start Log====
Keys are not set correctly.
====End Log====


2019-02-15T14:00:26+00:00 DEBUG 
====Stripe Version: 4.1.14====
====Start Log====
Keys are not set correctly.
====End Log====


2019-02-15T14:00:26+00:00 DEBUG 
====Stripe Version: 4.1.14====
====Start Log====
Keys are not set correctly.
====End Log====


2019-02-15T14:00:27+00:00 DEBUG 
====Stripe Version: 4.1.14====
====Start Log====
Keys are not set correctly.
====End Log====


2019-02-15T14:00:27+00:00 DEBUG 
====Stripe Version: 4.1.14====
====Start Log====
Keys are not set correctly.
====End Log====


2019-02-15T14:00:27+00:00 DEBUG 
====Stripe Version: 4.1.14====
====Start Log====
Keys are not set correctly.
====End Log====


2019-02-15T14:00:28+00:00 DEBUG 
====Stripe Version: 4.1.14====
====Start Log====
Keys are not set correctly.
====End Log====


2019-02-15T14:00:28+00:00 DEBUG 
====Stripe Version: 4.1.14====
====Start Log====
Keys are not set correctly.
====End Log====


2019-02-15T14:00:29+00:00 DEBUG 
====Stripe Version: 4.1.14====
====Start Log====
Keys are not set correctly.
====End Log====


2019-02-15T14:00:29+00:00 DEBUG 
====Stripe Version: 4.1.14====
====Start Log====
Keys are not set correctly.
====End Log====


2019-02-15T14:00:30+00:00 DEBUG 
====Stripe Version: 4.1.14====
====Start Log====
Keys are not set correctly.
====End Log====


2019-02-15T14:00:30+00:00 DEBUG 
====Stripe Version: 4.1.14====
====Start Log====
Keys are not set correctly.
====End Log====


2019-02-15T14:00:30+00:00 DEBUG 
====Stripe Version: 4.1.14====
====Start Log====
Keys are not set correctly.
====End Log====


2019-02-15T14:00:31+00:00 DEBUG 
====Stripe Version: 4.1.14====
====Start Log====
Keys are not set correctly.
====End Log====


2019-02-15T14:00:31+00:00 DEBUG 
====Stripe Version: 4.1.14====
====Start Log====
Keys are not set correctly.
====End Log====


2019-02-15T14:00:32+00:00 DEBUG 
====Stripe Version: 4.1.14====
====Start Log====
Keys are not set correctly.
====End Log====


2019-02-15T14:00:32+00:00 DEBUG 
====Stripe Version: 4.1.14====
====Start Log====
Keys are not set correctly.
====End Log====


2019-02-15T14:00:33+00:00 DEBUG 
====Stripe Version: 4.1.14====
====Start Log====
Keys are not set correctly.
====End Log====


2019-02-15T14:00:33+00:00 DEBUG 
====Stripe Version: 4.1.14====
====Start Log====
Keys are not set correctly.
====End Log====


2019-02-15T14:00:34+00:00 DEBUG 
====Stripe Version: 4.1.14====
====Start Log====
Keys are not set correctly.
====End Log====


2019-02-15T14:00:35+00:00 DEBUG 
====Stripe Version: 4.1.14====
====Start Log====
Keys are not set correctly.
====End Log====


2019-02-15T14:00:35+00:00 DEBUG 
====Stripe Version: 4.1.14====
====Start Log====
Keys are not set correctly.
====End Log====


2019-02-15T14:00:36+00:00 DEBUG 
====Stripe Version: 4.1.14====
====Start Log====
Keys are not set correctly.
====End Log====


2019-02-15T14:00:37+00:00 DEBUG 
====Stripe Version: 4.1.14====
====Start Log====
Keys are not set correctly.
====End Log====


2019-02-15T14:00:38+00:00 DEBUG 
====Stripe Version: 4.1.14====
====Start Log====
Keys are not set correctly.
====End Log====


2019-02-15T14:00:39+00:00 DEBUG 
====Stripe Version: 4.1.14====
====Start Log====
Keys are not set correctly.
====End Log====


2019-02-15T14:00:40+00:00 DEBUG 
====Stripe Version: 4.1.14====
====Start Log====
Keys are not set correctly.
====End Log====


2019-02-15T14:00:41+00:00 DEBUG 
====Stripe Version: 4.1.14====
====Start Log====
Keys are not set correctly.
====End Log====


2019-02-15T14:00:42+00:00 DEBUG 
====Stripe Version: 4.1.14====
====Start Log====
Keys are not set correctly.
====End Log====


2019-02-15T14:00:43+00:00 DEBUG 
====Stripe Version: 4.1.14====
====Start Log====
Keys are not set correctly.
====End Log====


2019-02-15T14:00:45+00:00 DEBUG 
====Stripe Version: 4.1.14====
====Start Log====
Keys are not set correctly.
====End Log====


2019-02-15T14:00:45+00:00 DEBUG 
====Stripe Version: 4.1.14====
====Start Log====
Keys are not set correctly.
====End Log====


2019-02-15T14:00:46+00:00 DEBUG 
====Stripe Version: 4.1.14====
====Start Log====
Keys are not set correctly.
====End Log====


2019-02-15T14:00:46+00:00 DEBUG 
====Stripe Version: 4.1.14====
====Start Log====
Keys are not set correctly.
====End Log====


2019-02-15T14:00:46+00:00 DEBUG 
====Stripe Version: 4.1.14====
====Start Log====
Keys are not set correctly.
====End Log====


2019-02-15T14:00:47+00:00 DEBUG 
====Stripe Version: 4.1.14====
====Start Log====
Keys are not set correctly.
====End Log====


2019-02-15T14:00:47+00:00 DEBUG 
====Stripe Version: 4.1.14====
====Start Log====
Keys are not set correctly.
====End Log====


2019-02-15T14:00:47+00:00 DEBUG 
====Stripe Version: 4.1.14====
====Start Log====
Keys are not set correctly.
====End Log====


2019-02-15T14:00:48+00:00 DEBUG 
====Stripe Version: 4.1.14====
====Start Log====
Keys are not set correctly.
====End Log====


2019-02-15T14:00:48+00:00 DEBUG 
====Stripe Version: 4.1.14====
====Start Log====
Keys are not set correctly.
====End Log====


2019-02-15T14:00:48+00:00 DEBUG 
====Stripe Version: 4.1.14====
====Start Log====
Keys are not set correctly.
====End Log====


2019-02-15T14:00:49+00:00 DEBUG 
====Stripe Version: 4.1.14====
====Start Log====
Keys are not set correctly.
====End Log====


2019-02-15T14:00:49+00:00 DEBUG 
====Stripe Version: 4.1.14====
====Start Log====
Keys are not set correctly.
====End Log====


2019-02-15T14:00:50+00:00 DEBUG 
====Stripe Version: 4.1.14====
====Start Log====
Keys are not set correctly.
====End Log====


2019-02-15T14:00:50+00:00 DEBUG 
====Stripe Version: 4.1.14====
====Start Log====
Keys are not set correctly.
====End Log====


2019-02-15T14:00:50+00:00 DEBUG 
====Stripe Version: 4.1.14====
====Start Log====
Keys are not set correctly.
====End Log====


2019-02-15T14:00:51+00:00 DEBUG 
====Stripe Version: 4.1.14====
====Start Log====
Keys are not set correctly.
====End Log====


2019-02-15T14:00:52+00:00 DEBUG 
====Stripe Version: 4.1.14====
====Start Log====
Keys are not set correctly.
====End Log====


2019-02-15T14:00:52+00:00 DEBUG 
====Stripe Version: 4.1.14====
====Start Log====
Keys are not set correctly.
====End Log====


2019-02-15T14:00:53+00:00 DEBUG 
====Stripe Version: 4.1.14====
====Start Log====
Keys are not set correctly.
====End Log====


2019-02-15T14:00:53+00:00 DEBUG 
====Stripe Version: 4.1.14====
====Start Log====
Keys are not set correctly.
====End Log====


2019-02-15T14:00:54+00:00 DEBUG 
====Stripe Version: 4.1.14====
====Start Log====
Keys are not set correctly.
====End Log====


2019-02-15T14:00:54+00:00 DEBUG 
====Stripe Version: 4.1.14====
====Start Log====
Keys are not set correctly.
====End Log====


2019-02-15T14:00:55+00:00 DEBUG 
====Stripe Version: 4.1.14====
====Start Log====
Keys are not set correctly.
====End Log====


2019-02-15T14:00:56+00:00 DEBUG 
====Stripe Version: 4.1.14====
====Start Log====
Keys are not set correctly.
====End Log====


2019-02-15T14:00:57+00:00 DEBUG 
====Stripe Version: 4.1.14====
====Start Log====
Keys are not set correctly.
====End Log====


2019-02-15T14:00:57+00:00 DEBUG 
====Stripe Version: 4.1.14====
====Start Log====
Keys are not set correctly.
====End Log====


2019-02-15T14:00:58+00:00 DEBUG 
====Stripe Version: 4.1.14====
====Start Log====
Keys are not set correctly.
====End Log====


2019-02-15T14:00:59+00:00 DEBUG 
====Stripe Version: 4.1.14====
====Start Log====
Keys are not set correctly.
====End Log====


2019-02-15T14:01:00+00:00 DEBUG 
====Stripe Version: 4.1.14====
====Start Log====
Keys are not set correctly.
====End Log====


2019-02-15T14:01:01+00:00 DEBUG 
====Stripe Version: 4.1.14====
====Start Log====
Keys are not set correctly.
====End Log====


2019-02-15T14:01:02+00:00 DEBUG 
====Stripe Version: 4.1.14====
====Start Log====
Keys are not set correctly.
====End Log====


2019-02-15T14:01:03+00:00 DEBUG 
====Stripe Version: 4.1.14====
====Start Log====
Keys are not set correctly.
====End Log====


2019-02-15T14:01:05+00:00 DEBUG 
====Stripe Version: 4.1.14====
====Start Log====
Keys are not set correctly.
====End Log====


2019-02-15T14:01:06+00:00 DEBUG 
====Stripe Version: 4.1.14====
====Start Log====
Keys are not set correctly.
====End Log====


2019-02-15T14:01:07+00:00 DEBUG 
====Stripe Version: 4.1.14====
====Start Log====
Keys are not set correctly.
====End Log====


2019-02-15T14:01:08+00:00 DEBUG 
====Stripe Version: 4.1.14====
====Start Log====
Keys are not set correctly.
====End Log====


2019-02-15T14:01:09+00:00 DEBUG 
====Stripe Version: 4.1.14====
====Start Log====
Keys are not set correctly.
====End Log====


2019-02-15T14:01:11+00:00 DEBUG 
====Stripe Version: 4.1.14====
====Start Log====
Keys are not set correctly.
====End Log====


2019-02-15T14:01:12+00:00 DEBUG 
====Stripe Version: 4.1.14====
====Start Log====
Keys are not set correctly.
====End Log====


2019-02-15T14:01:14+00:00 DEBUG 
====Stripe Version: 4.1.14====
====Start Log====
Keys are not set correctly.
====End Log====


2019-02-15T14:01:15+00:00 DEBUG 
====Stripe Version: 4.1.14====
====Start Log====
Keys are not set correctly.
====End Log====


2019-02-15T14:01:17+00:00 DEBUG 
====Stripe Version: 4.1.14====
====Start Log====
Keys are not set correctly.
====End Log====


2019-02-15T14:01:19+00:00 DEBUG 
====Stripe Version: 4.1.14====
====Start Log====
Keys are not set correctly.
====End Log====


2019-02-15T14:01:21+00:00 DEBUG 
====Stripe Version: 4.1.14====
====Start Log====
Keys are not set correctly.
====End Log====


2019-02-15T14:01:23+00:00 DEBUG 
====Stripe Version: 4.1.14====
====Start Log====
Keys are not set correctly.
====End Log====


2019-02-15T14:01:25+00:00 DEBUG 
====Stripe Version: 4.1.14====
====Start Log====
Keys are not set correctly.
====End Log====


2019-02-15T14:01:27+00:00 DEBUG 
====Stripe Version: 4.1.14====
====Start Log====
Keys are not set correctly.
====End Log====


2019-02-15T14:01:30+00:00 DEBUG 
====Stripe Version: 4.1.14====
====Start Log====
Keys are not set correctly.
====End Log====


2019-02-15T14:01:33+00:00 DEBUG 
====Stripe Version: 4.1.14====
====Start Log====
Keys are not set correctly.
====End Log====


2019-02-15T14:01:35+00:00 DEBUG 
====Stripe Version: 4.1.14====
====Start Log====
Keys are not set correctly.
====End Log====


2019-02-15T14:01:38+00:00 DEBUG 
====Stripe Version: 4.1.14====
====Start Log====
Keys are not set correctly.
====End Log====


2019-02-15T14:01:40+00:00 DEBUG 
====Stripe Version: 4.1.14====
====Start Log====
Keys are not set correctly.
====End Log====


2019-02-15T14:01:42+00:00 DEBUG 
====Stripe Version: 4.1.14====
====Start Log====
Keys are not set correctly.
====End Log====


2019-02-15T14:01:46+00:00 DEBUG 
====Stripe Version: 4.1.14====
====Start Log====
Keys are not set correctly.
====End Log====


2019-02-15T14:01:47+00:00 DEBUG 
====Stripe Version: 4.1.14====
====Start Log====
Keys are not set correctly.
====End Log====


2019-02-15T14:01:50+00:00 DEBUG 
====Stripe Version: 4.1.14====
====Start Log====
Keys are not set correctly.
====End Log====


2019-02-15T14:01:51+00:00 DEBUG 
====Stripe Version: 4.1.14====
====Start Log====
Keys are not set correctly.
====End Log====


2019-02-15T14:01:51+00:00 DEBUG 
====Stripe Version: 4.1.14====
====Start Log====
Keys are not set correctly.
====End Log====


2019-02-15T14:01:51+00:00 DEBUG 
====Stripe Version: 4.1.14====
====Start Log====
Keys are not set correctly.
====End Log====


2019-02-15T14:01:52+00:00 DEBUG 
====Stripe Version: 4.1.14====
====Start Log====
Keys are not set correctly.
====End Log====


2019-02-15T14:01:52+00:00 DEBUG 
====Stripe Version: 4.1.14====
====Start Log====
Keys are not set correctly.
====End Log====


2019-02-15T14:01:53+00:00 DEBUG 
====Stripe Version: 4.1.14====
====Start Log====
Keys are not set correctly.
====End Log====


2019-02-15T14:01:53+00:00 DEBUG 
====Stripe Version: 4.1.14====
====Start Log====
Keys are not set correctly.
====End Log====


2019-02-15T14:01:54+00:00 DEBUG 
====Stripe Version: 4.1.14====
====Start Log====
Keys are not set correctly.
====End Log====


2019-02-15T14:01:54+00:00 DEBUG 
====Stripe Version: 4.1.14====
====Start Log====
Keys are not set correctly.
====End Log====


2019-02-15T14:01:54+00:00 DEBUG 
====Stripe Version: 4.1.14====
====Start Log====
Keys are not set correctly.
====End Log====


2019-02-15T14:01:55+00:00 DEBUG 
====Stripe Version: 4.1.14====
====Start Log====
Keys are not set correctly.
====End Log====


2019-02-15T14:01:55+00:00 DEBUG 
====Stripe Version: 4.1.14====
====Start Log====
Keys are not set correctly.
====End Log====


2019-02-15T14:01:56+00:00 DEBUG 
====Stripe Version: 4.1.14====
====Start Log====
Keys are not set correctly.
====End Log====


2019-02-15T14:01:56+00:00 DEBUG 
====Stripe Version: 4.1.14====
====Start Log====
Keys are not set correctly.
====End Log====


2019-02-15T14:01:57+00:00 DEBUG 
====Stripe Version: 4.1.14====
====Start Log====
Keys are not set correctly.
====End Log====


2019-02-15T14:01:57+00:00 DEBUG 
====Stripe Version: 4.1.14====
====Start Log====
Keys are not set correctly.
====End Log====


2019-02-15T14:01:58+00:00 DEBUG 
====Stripe Version: 4.1.14====
====Start Log====
Keys are not set correctly.
====End Log====


2019-02-15T14:01:59+00:00 DEBUG 
====Stripe Version: 4.1.14====
====Start Log====
Keys are not set correctly.
====End Log====


2019-02-15T14:01:59+00:00 DEBUG 
====Stripe Version: 4.1.14====
====Start Log====
Keys are not set correctly.
====End Log====


2019-02-15T14:02:00+00:00 DEBUG 
====Stripe Version: 4.1.14====
====Start Log====
Keys are not set correctly.
====End Log====


2019-02-15T14:02:01+00:00 DEBUG 
====Stripe Version: 4.1.14====
====Start Log====
Keys are not set correctly.
====End Log====


2019-02-15T14:02:01+00:00 DEBUG 
====Stripe Version: 4.1.14====
====Start Log====
Keys are not set correctly.
====End Log====


2019-02-15T14:02:02+00:00 DEBUG 
====Stripe Version: 4.1.14====
====Start Log====
Keys are not set correctly.
====End Log====


2019-02-15T14:02:03+00:00 DEBUG 
====Stripe Version: 4.1.14====
====Start Log====
Keys are not set correctly.
====End Log====


2019-02-15T14:02:04+00:00 DEBUG 
====Stripe Version: 4.1.14====
====Start Log====
Keys are not set correctly.
====End Log====


2019-02-15T14:02:05+00:00 DEBUG 
====Stripe Version: 4.1.14====
====Start Log====
Keys are not set correctly.
====End Log====


2019-02-15T14:02:06+00:00 DEBUG 
====Stripe Version: 4.1.14====
====Start Log====
Keys are not set correctly.
====End Log====


2019-02-15T14:02:07+00:00 DEBUG 
====Stripe Version: 4.1.14====
====Start Log====
Keys are not set correctly.
====End Log====


2019-02-15T14:02:08+00:00 DEBUG 
====Stripe Version: 4.1.14====
====Start Log====
Keys are not set correctly.
====End Log====


2019-02-15T14:02:09+00:00 DEBUG 
====Stripe Version: 4.1.14====
====Start Log====
Keys are not set correctly.
====End Log====


2019-02-15T14:02:09+00:00 DEBUG 
====Stripe Version: 4.1.14====
====Start Log====
Keys are not set correctly.
====End Log====


2019-02-15T14:02:10+00:00 DEBUG 
====Stripe Version: 4.1.14====
====Start Log====
Keys are not set correctly.
====End Log====


2019-02-15T14:02:10+00:00 DEBUG 
====Stripe Version: 4.1.14====
====Start Log====
Keys are not set correctly.
====End Log====


2019-02-15T14:02:10+00:00 DEBUG 
====Stripe Version: 4.1.14====
====Start Log====
Keys are not set correctly.
====End Log====


2019-02-15T14:02:11+00:00 DEBUG 
====Stripe Version: 4.1.14====
====Start Log====
Keys are not set correctly.
====End Log====


2019-02-15T14:02:11+00:00 DEBUG 
====Stripe Version: 4.1.14====
====Start Log====
Keys are not set correctly.
====End Log====


2019-02-15T14:02:12+00:00 DEBUG 
====Stripe Version: 4.1.14====
====Start Log====
Keys are not set correctly.
====End Log====


2019-02-15T14:02:12+00:00 DEBUG 
====Stripe Version: 4.1.14====
====Start Log====
Keys are not set correctly.
====End Log====


2019-02-15T14:02:12+00:00 DEBUG 
====Stripe Version: 4.1.14====
====Start Log====
Keys are not set correctly.
====End Log====


2019-02-15T14:02:13+00:00 DEBUG 
====Stripe Version: 4.1.14====
====Start Log====
Keys are not set correctly.
====End Log====


2019-02-15T14:02:13+00:00 DEBUG 
====Stripe Version: 4.1.14====
====Start Log====
Keys are not set correctly.
====End Log====


2019-02-15T14:02:13+00:00 DEBUG 
====Stripe Version: 4.1.14====
====Start Log====
Keys are not set correctly.
====End Log====


2019-02-15T14:02:14+00:00 DEBUG 
====Stripe Version: 4.1.14====
====Start Log====
Keys are not set correctly.
====End Log====


2019-02-15T14:02:14+00:00 DEBUG 
====Stripe Version: 4.1.14====
====Start Log====
Keys are not set correctly.
====End Log====


2019-02-15T14:02:15+00:00 DEBUG 
====Stripe Version: 4.1.14====
====Start Log====
Keys are not set correctly.
====End Log====


2019-02-15T14:02:16+00:00 DEBUG 
====Stripe Version: 4.1.14====
====Start Log====
Keys are not set correctly.
====End Log====


2019-02-15T14:02:16+00:00 DEBUG 
====Stripe Version: 4.1.14====
====Start Log====
Keys are not set correctly.
====End Log====


2019-02-15T14:02:17+00:00 DEBUG 
====Stripe Version: 4.1.14====
====Start Log====
Keys are not set correctly.
====End Log====


2019-02-15T14:02:17+00:00 DEBUG 
====Stripe Version: 4.1.14====
====Start Log====
Keys are not set correctly.
====End Log====


2019-02-15T14:02:18+00:00 DEBUG 
====Stripe Version: 4.1.14====
====Start Log====
Keys are not set correctly.
====End Log====


2019-02-15T14:02:19+00:00 DEBUG 
====Stripe Version: 4.1.14====
====Start Log====
Keys are not set correctly.
====End Log====


2019-02-15T14:02:19+00:00 DEBUG 
====Stripe Version: 4.1.14====
====Start Log====
Keys are not set correctly.
====End Log====


2019-02-15T14:02:20+00:00 DEBUG 
====Stripe Version: 4.1.14====
====Start Log====
Keys are not set correctly.
====End Log====


2019-02-15T14:02:21+00:00 DEBUG 
====Stripe Version: 4.1.14====
====Start Log====
Keys are not set correctly.
====End Log====


2019-02-15T14:02:22+00:00 DEBUG 
====Stripe Version: 4.1.14====
====Start Log====
Keys are not set correctly.
====End Log====


2019-02-15T14:02:22+00:00 DEBUG 
====Stripe Version: 4.1.14====
====Start Log====
Keys are not set correctly.
====End Log====


2019-02-15T14:02:23+00:00 DEBUG 
====Stripe Version: 4.1.14====
====Start Log====
Keys are not set correctly.
====End Log====


2019-02-15T14:02:24+00:00 DEBUG 
====Stripe Version: 4.1.14====
====Start Log====
Keys are not set correctly.
====End Log====


2019-02-15T14:02:25+00:00 DEBUG 
====Stripe Version: 4.1.14====
====Start Log====
Keys are not set correctly.
====End Log====


2019-02-15T14:02:26+00:00 DEBUG 
====Stripe Version: 4.1.14====
====Start Log====
Keys are not set correctly.
====End Log====


2019-02-15T14:02:27+00:00 DEBUG 
====Stripe Version: 4.1.14====
====Start Log====
Keys are not set correctly.
====End Log====


2019-02-15T14:02:28+00:00 DEBUG 
====Stripe Version: 4.1.14====
====Start Log====
Keys are not set correctly.
====End Log====


2019-02-15T14:02:29+00:00 DEBUG 
====Stripe Version: 4.1.14====
====Start Log====
Keys are not set correctly.
====End Log====


2019-02-15T14:02:30+00:00 DEBUG 
====Stripe Version: 4.1.14====
====Start Log====
Keys are not set correctly.
====End Log====


2019-02-15T14:02:32+00:00 DEBUG 
====Stripe Version: 4.1.14====
====Start Log====
Keys are not set correctly.
====End Log====


2019-02-15T14:02:34+00:00 DEBUG 
====Stripe Version: 4.1.14====
====Start Log====
Keys are not set correctly.
====End Log====


2019-02-15T14:02:35+00:00 DEBUG 
====Stripe Version: 4.1.14====
====Start Log====
Keys are not set correctly.
====End Log====


2019-02-15T14:02:36+00:00 DEBUG 
====Stripe Version: 4.1.14====
====Start Log====
Keys are not set correctly.
====End Log====


2019-02-15T14:02:37+00:00 DEBUG 
====Stripe Version: 4.1.14====
====Start Log====
Keys are not set correctly.
====End Log====


2019-02-15T14:02:38+00:00 DEBUG 
====Stripe Version: 4.1.14====
====Start Log====
Keys are not set correctly.
====End Log====


2019-02-15T14:02:38+00:00 DEBUG 
====Stripe Version: 4.1.14====
====Start Log====
Keys are not set correctly.
====End Log====


2019-02-15T14:02:38+00:00 DEBUG 
====Stripe Version: 4.1.14====
====Start Log====
Keys are not set correctly.
====End Log====


2019-02-15T14:02:39+00:00 DEBUG 
====Stripe Version: 4.1.14====
====Start Log====
Keys are not set correctly.
====End Log====


2019-02-15T14:02:39+00:00 DEBUG 
====Stripe Version: 4.1.14====
====Start Log====
Keys are not set correctly.
====End Log====


2019-02-15T14:02:39+00:00 DEBUG 
====Stripe Version: 4.1.14====
====Start Log====
Keys are not set correctly.
====End Log====


2019-02-15T14:02:40+00:00 DEBUG 
====Stripe Version: 4.1.14====
====Start Log====
Keys are not set correctly.
====End Log====


2019-02-15T14:02:40+00:00 DEBUG 
====Stripe Version: 4.1.14====
====Start Log====
Keys are not set correctly.
====End Log====


2019-02-15T14:02:41+00:00 DEBUG 
====Stripe Version: 4.1.14====
====Start Log====
Keys are not set correctly.
====End Log====


2019-02-15T14:02:41+00:00 DEBUG 
====Stripe Version: 4.1.14====
====Start Log====
Keys are not set correctly.
====End Log====


2019-02-15T14:02:42+00:00 DEBUG 
====Stripe Version: 4.1.14====
====Start Log====
Keys are not set correctly.
====End Log====


2019-02-15T14:02:42+00:00 DEBUG 
====Stripe Version: 4.1.14====
====Start Log====
Keys are not set correctly.
====End Log====


2019-02-15T14:02:42+00:00 DEBUG 
====Stripe Version: 4.1.14====
====Start Log====
Keys are not set correctly.
====End Log====


2019-02-15T14:02:43+00:00 DEBUG 
====Stripe Version: 4.1.14====
====Start Log====
Keys are not set correctly.
====End Log====


2019-02-15T14:02:43+00:00 DEBUG 
====Stripe Version: 4.1.14====
====Start Log====
Keys are not set correctly.
====End Log====


2019-02-15T14:02:44+00:00 DEBUG 
====Stripe Version: 4.1.14====
====Start Log====
Keys are not set correctly.
====End Log====


2019-02-15T14:02:44+00:00 DEBUG 
====Stripe Version: 4.1.14====
====Start Log====
Keys are not set correctly.
====End Log====


2019-02-15T14:02:45+00:00 DEBUG 
====Stripe Version: 4.1.14====
====Start Log====
Keys are not set correctly.
====End Log====


2019-02-15T14:02:46+00:00 DEBUG 
====Stripe Version: 4.1.14====
====Start Log====
Keys are not set correctly.
====End Log====


2019-02-15T14:02:47+00:00 DEBUG 
====Stripe Version: 4.1.14====
====Start Log====
Keys are not set correctly.
====End Log====


2019-02-15T14:02:47+00:00 DEBUG 
====Stripe Version: 4.1.14====
====Start Log====
Keys are not set correctly.
====End Log====


2019-02-15T14:02:48+00:00 DEBUG 
====Stripe Version: 4.1.14====
====Start Log====
Keys are not set correctly.
====End Log====


2019-02-15T14:02:48+00:00 DEBUG 
====Stripe Version: 4.1.14====
====Start Log====
Keys are not set correctly.
====End Log====


2019-02-15T14:02:50+00:00 DEBUG 
====Stripe Version: 4.1.14====
====Start Log====
Keys are not set correctly.
====End Log====


2019-02-15T14:02:50+00:00 DEBUG 
====Stripe Version: 4.1.14====
====Start Log====
Keys are not set correctly.
====End Log====


2019-02-15T14:02:51+00:00 DEBUG 
====Stripe Version: 4.1.14====
====Start Log====
Keys are not set correctly.
====End Log====


2019-02-15T14:02:52+00:00 DEBUG 
====Stripe Version: 4.1.14====
====Start Log====
Keys are not set correctly.
====End Log====


2019-02-15T14:02:53+00:00 DEBUG 
====Stripe Version: 4.1.14====
====Start Log====
Keys are not set correctly.
====End Log====


2019-02-15T14:02:54+00:00 DEBUG 
====Stripe Version: 4.1.14====
====Start Log====
Keys are not set correctly.
====End Log====


2019-02-15T14:02:55+00:00 DEBUG 
====Stripe Version: 4.1.14====
====Start Log====
Keys are not set correctly.
====End Log====


2019-02-15T14:02:56+00:00 DEBUG 
====Stripe Version: 4.1.14====
====Start Log====
Keys are not set correctly.
====End Log====


2019-02-15T14:02:57+00:00 DEBUG 
====Stripe Version: 4.1.14====
====Start Log====
Keys are not set correctly.
====End Log====


2019-02-15T14:02:58+00:00 DEBUG 
====Stripe Version: 4.1.14====
====Start Log====
Keys are not set correctly.
====End Log====


2019-02-15T14:03:00+00:00 DEBUG 
====Stripe Version: 4.1.14====
====Start Log====
Keys are not set correctly.
====End Log====


2019-02-15T14:03:01+00:00 DEBUG 
====Stripe Version: 4.1.14====
====Start Log====
Keys are not set correctly.
====End Log====


2019-02-15T14:03:02+00:00 DEBUG 
====Stripe Version: 4.1.14====
====Start Log====
Keys are not set correctly.
====End Log====


2019-02-15T14:03:04+00:00 DEBUG 
====Stripe Version: 4.1.14====
====Start Log====
Keys are not set correctly.
====End Log====


2019-02-15T14:03:06+00:00 DEBUG 
====Stripe Version: 4.1.14====
====Start Log====
Keys are not set correctly.
====End Log====


2019-02-15T14:03:08+00:00 DEBUG 
====Stripe Version: 4.1.14====
====Start Log====
Keys are not set correctly.
====End Log====


2019-02-15T14:03:09+00:00 DEBUG 
====Stripe Version: 4.1.14====
====Start Log====
Keys are not set correctly.
====End Log====


2019-02-15T14:03:11+00:00 DEBUG 
====Stripe Version: 4.1.14====
====Start Log====
Keys are not set correctly.
====End Log====


2019-02-15T14:03:13+00:00 DEBUG 
====Stripe Version: 4.1.14====
====Start Log====
Keys are not set correctly.
====End Log====


2019-02-15T14:03:15+00:00 DEBUG 
====Stripe Version: 4.1.14====
====Start Log====
Keys are not set correctly.
====End Log====


2019-02-15T14:03:16+00:00 DEBUG 
====Stripe Version: 4.1.14====
====Start Log====
Keys are not set correctly.
====End Log====


2019-02-15T14:03:20+00:00 DEBUG 
====Stripe Version: 4.1.14====
====Start Log====
Keys are not set correctly.
====End Log====


2019-02-15T14:03:22+00:00 DEBUG 
====Stripe Version: 4.1.14====
====Start Log====
Keys are not set correctly.
====End Log====


2019-02-15T14:03:24+00:00 DEBUG 
====Stripe Version: 4.1.14====
====Start Log====
Keys are not set correctly.
====End Log====


2019-02-15T14:03:26+00:00 DEBUG 
====Stripe Version: 4.1.14====
====Start Log====
Keys are not set correctly.
====End Log====


2019-02-15T14:03:29+00:00 DEBUG 
====Stripe Version: 4.1.14====
====Start Log====
Keys are not set correctly.
====End Log====


2019-02-15T14:03:31+00:00 DEBUG 
====Stripe Version: 4.1.14====
====Start Log====
Keys are not set correctly.
====End Log====


2019-02-15T14:03:35+00:00 DEBUG 
====Stripe Version: 4.1.14====
====Start Log====
Keys are not set correctly.
====End Log====


2019-02-15T14:03:37+00:00 DEBUG 
====Stripe Version: 4.1.14====
====Start Log====
Keys are not set correctly.
====End Log====


2019-02-15T14:03:39+00:00 DEBUG 
====Stripe Version: 4.1.14====
====Start Log====
Keys are not set correctly.
====End Log====


2019-02-15T14:03:42+00:00 DEBUG 
====Stripe Version: 4.1.14====
====Start Log====
Keys are not set correctly.
====End Log====


2019-02-15T14:03:45+00:00 DEBUG 
====Stripe Version: 4.1.14====
====Start Log====
Keys are not set correctly.
====End Log====


2019-02-15T14:03:48+00:00 DEBUG 
====Stripe Version: 4.1.14====
====Start Log====
Keys are not set correctly.
====End Log====


2019-02-15T14:03:51+00:00 DEBUG 
====Stripe Version: 4.1.14====
====Start Log====
Keys are not set correctly.
====End Log====


2019-02-15T14:03:55+00:00 DEBUG 
====Stripe Version: 4.1.14====
====Start Log====
Keys are not set correctly.
====End Log====


2019-02-15T14:03:58+00:00 DEBUG 
====Stripe Version: 4.1.14====
====Start Log====
Keys are not set correctly.
====End Log====


2019-02-15T14:04:01+00:00 DEBUG 
====Stripe Version: 4.1.14====
====Start Log====
Keys are not set correctly.
====End Log====


2019-02-15T14:04:22+00:00 DEBUG 
====Stripe Version: 4.1.14====
====Start Log====
Keys are not set correctly.
====End Log====


2019-02-15T14:04:50+00:00 DEBUG 
====Stripe Version: 4.1.14====
====Start Log====
Keys are not set correctly.
====End Log====


2019-02-15T14:05:44+00:00 DEBUG 
====Stripe Version: 4.1.14====
====Start Log====
Keys are not set correctly.
====End Log====


2019-02-15T14:08:37+00:00 DEBUG 
====Stripe Version: 4.1.14====
====Start Log====
Keys are not set correctly.
====End Log====


2019-02-15T14:08:40+00:00 DEBUG 
====Stripe Version: 4.1.14====
====Start Log====
Keys are not set correctly.
====End Log====


2019-02-15T14:08:57+00:00 DEBUG 
====Stripe Version: 4.1.14====
====Start Log====
Keys are not set correctly.
====End Log====


2019-02-15T14:09:01+00:00 DEBUG 
====Stripe Version: 4.1.14====
====Start Log====
Keys are not set correctly.
====End Log====


2019-02-15T14:10:06+00:00 DEBUG 
====Stripe Version: 4.1.14====
====Start Log====
Keys are not set correctly.
====End Log====


2019-02-15T14:10:42+00:00 DEBUG 
====Stripe Version: 4.1.14====
====Start Log====
Keys are not set correctly.
====End Log====


2019-02-15T14:11:33+00:00 DEBUG 
====Stripe Version: 4.1.14====
====Start Log====
Keys are not set correctly.
====End Log====


2019-02-15T14:12:28+00:00 DEBUG 
====Stripe Version: 4.1.14====
====Start Log====
Keys are not set correctly.
====End Log====


2019-02-15T14:12:41+00:00 DEBUG 
====Stripe Version: 4.1.14====
====Start Log====
Keys are not set correctly.
====End Log====


2019-02-15T14:12:45+00:00 DEBUG 
====Stripe Version: 4.1.14====
====Start Log====
Keys are not set correctly.
====End Log====


2019-02-15T14:13:14+00:00 DEBUG 
====Stripe Version: 4.1.14====
====Start Log====
Keys are not set correctly.
====End Log====


2019-02-15T14:13:48+00:00 DEBUG 
====Stripe Version: 4.1.14====
====Start Log====
Keys are not set correctly.
====End Log====


2019-02-15T14:13:50+00:00 DEBUG 
====Stripe Version: 4.1.14====
====Start Log====
Keys are not set correctly.
====End Log====


2019-02-15T14:22:36+00:00 DEBUG 
====Stripe Version: 4.1.14====
====Start Log====
Keys are not set correctly.
====End Log====


2019-02-15T14:22:36+00:00 DEBUG 
====Stripe Version: 4.1.14====
====Start Log====
Keys are not set correctly.
====End Log====


2019-02-15T14:22:36+00:00 DEBUG 
====Stripe Version: 4.1.14====
====Start Log====
Keys are not set correctly.
====End Log====


2019-02-15T14:29:01+00:00 DEBUG 
====Stripe Version: 4.1.14====
====Start Log====
Keys are not set correctly.
====End Log====


2019-02-15T14:29:01+00:00 DEBUG 
====Stripe Version: 4.1.14====
====Start Log====
Keys are not set correctly.
====End Log====


2019-02-15T14:29:02+00:00 DEBUG 
====Stripe Version: 4.1.14====
====Start Log====
Keys are not set correctly.
====End Log====


2019-02-15T14:29:02+00:00 DEBUG 
====Stripe Version: 4.1.14====
====Start Log====
Keys are not set correctly.
====End Log====


2019-02-15T14:29:02+00:00 DEBUG 
====Stripe Version: 4.1.14====
====Start Log====
Keys are not set correctly.
====End Log====


2019-02-15T14:29:02+00:00 DEBUG 
====Stripe Version: 4.1.14====
====Start Log====
Keys are not set correctly.
====End Log====


2019-02-15T14:29:02+00:00 DEBUG 
====Stripe Version: 4.1.14====
====Start Log====
Keys are not set correctly.
====End Log====


2019-02-15T14:29:03+00:00 DEBUG 
====Stripe Version: 4.1.14====
====Start Log====
Keys are not set correctly.
====End Log====


2019-02-15T14:29:27+00:00 DEBUG 
====Stripe Version: 4.1.14====
====Start Log====
Keys are not set correctly.
====End Log====


2019-02-15T14:35:12+00:00 DEBUG 
====Stripe Version: 4.1.14====
====Start Log====
Keys are not set correctly.
====End Log====


2019-02-15T14:35:22+00:00 DEBUG 
====Stripe Version: 4.1.14====
====Start Log====
Keys are not set correctly.
====End Log====


2019-02-15T15:19:43+00:00 DEBUG 
====Stripe Version: 4.1.14====
====Start Log====
Keys are not set correctly.
====End Log====


